#! /opt/homebrew/Cellar/icarus-verilog/12.0/bin/vvp
:ivl_version "12.0 (stable)";
:ivl_delay_selection "TYPICAL";
:vpi_time_precision + 0;
:vpi_module "/opt/homebrew/Cellar/icarus-verilog/12.0/lib/ivl/system.vpi";
:vpi_module "/opt/homebrew/Cellar/icarus-verilog/12.0/lib/ivl/vhdl_sys.vpi";
:vpi_module "/opt/homebrew/Cellar/icarus-verilog/12.0/lib/ivl/vhdl_textio.vpi";
:vpi_module "/opt/homebrew/Cellar/icarus-verilog/12.0/lib/ivl/v2005_math.vpi";
:vpi_module "/opt/homebrew/Cellar/icarus-verilog/12.0/lib/ivl/va_math.vpi";
S_0x148e0aa90 .scope module, "top_module" "top_module" 2 1;
 .timescale 0 0;
    .port_info 0 /INPUT 1 "clk";
    .port_info 1 /INPUT 1 "areset";
    .port_info 2 /INPUT 8 "d";
    .port_info 3 /OUTPUT 8 "q";
o0x150040010 .functor BUFZ 1, C4<z>; HiZ drive
v0x148e07890_0 .net "areset", 0 0, o0x150040010;  0 drivers
o0x150040040 .functor BUFZ 1, C4<z>; HiZ drive
v0x148e1aa90_0 .net "clk", 0 0, o0x150040040;  0 drivers
o0x150040070 .functor BUFZ 8, C4<zzzzzzzz>; HiZ drive
v0x148e1ab30_0 .net "d", 7 0, o0x150040070;  0 drivers
v0x148e1abd0_0 .var "q", 7 0;
E_0x148e07de0 .event posedge, v0x148e07890_0;
E_0x148e07bd0 .event posedge, v0x148e1aa90_0;
    .scope S_0x148e0aa90;
T_0 ;
    %wait E_0x148e07bd0;
    %load/vec4 v0x148e1ab30_0;
    %assign/vec4 v0x148e1abd0_0, 0;
    %jmp T_0;
    .thread T_0;
    .scope S_0x148e0aa90;
T_1 ;
    %wait E_0x148e07de0;
    %pushi/vec4 0, 0, 8;
    %assign/vec4 v0x148e1abd0_0, 0;
    %jmp T_1;
    .thread T_1;
    .scope S_0x148e0aa90;
T_2 ;
    %vpi_call 2 14 "$dumpfile", "wave.vcd" {0 0 0};
    %vpi_call 2 15 "$dumpvars", 32'sb00000000000000000000000000000000, S_0x148e0aa90 {0 0 0};
    %end;
    .thread T_2;
# The file index is used to find the file name in the following table.
:file_names 3;
    "N/A";
    "<interactive>";
    "async-dff.v";
